INFO: [VRFC 10-163] Analyzing VHDL file "/home/user/embedded_lab3/lab_3.srcs/sources_1/imports/Downloads/uart.vhd" into library xil_defaultlib
INFO: [VRFC 10-307] analyzing entity uart
INFO: [VRFC 10-163] Analyzing VHDL file "/home/user/embedded_lab3/lab_3.srcs/sources_1/imports/Downloads/uart_rx.vhd" into library xil_defaultlib
INFO: [VRFC 10-307] analyzing entity uart_rx
INFO: [VRFC 10-163] Analyzing VHDL file "/home/user/embedded_lab3/lab_3.srcs/sources_1/new/uart_tx.vhd" into library xil_defaultlib
INFO: [VRFC 10-307] analyzing entity uart_tx
INFO: [VRFC 10-163] Analyzing VHDL file "/home/user/embedded_lab3/lab_3.srcs/sources_1/imports/Downloads/uart_tb.vhd" into library xil_defaultlib
INFO: [VRFC 10-307] analyzing entity uart_tb
INFO: [VRFC 10-163] Analyzing VHDL file "/home/user/embedded_lab3/lab_3.srcs/sources_1/new/uart_tx.vhd" into library xil_defaultlib
INFO: [VRFC 10-307] analyzing entity uart_tx
INFO: [VRFC 10-163] Analyzing VHDL file "/home/user/embedded_lab3/lab_3.srcs/sources_1/new/uart_tx.vhd" into library xil_defaultlib
INFO: [VRFC 10-307] analyzing entity uart_tx
INFO: [VRFC 10-163] Analyzing VHDL file "/home/user/embedded_lab3/lab_3.srcs/sources_1/new/uart_tx.vhd" into library xil_defaultlib
INFO: [VRFC 10-307] analyzing entity uart_tx
INFO: [VRFC 10-163] Analyzing VHDL file "/home/user/embedded_lab3/lab_3.srcs/sources_1/new/uart_tx.vhd" into library xil_defaultlib
INFO: [VRFC 10-307] analyzing entity uart_tx
INFO: [VRFC 10-163] Analyzing VHDL file "/home/user/embedded_lab3/lab_3.srcs/sources_1/new/uart_tx.vhd" into library xil_defaultlib
INFO: [VRFC 10-307] analyzing entity uart_tx
INFO: [VRFC 10-163] Analyzing VHDL file "/home/user/embedded_lab3/lab_3.srcs/sources_1/new/uart_tx.vhd" into library xil_defaultlib
INFO: [VRFC 10-307] analyzing entity uart_tx
INFO: [VRFC 10-163] Analyzing VHDL file "/home/user/embedded_lab3/lab_3.srcs/sources_1/new/uart_tx.vhd" into library xil_defaultlib
INFO: [VRFC 10-307] analyzing entity uart_tx
INFO: [VRFC 10-163] Analyzing VHDL file "/home/user/embedded_lab3/lab_3.srcs/sources_1/new/uart_tx.vhd" into library xil_defaultlib
INFO: [VRFC 10-307] analyzing entity uart_tx
INFO: [VRFC 10-163] Analyzing VHDL file "/home/user/embedded_lab3/lab_3.srcs/sources_1/new/uart_tx.vhd" into library xil_defaultlib
INFO: [VRFC 10-307] analyzing entity uart_tx
INFO: [VRFC 10-163] Analyzing VHDL file "/home/user/embedded_lab3/lab_3.srcs/sources_1/new/uart_tx.vhd" into library xil_defaultlib
INFO: [VRFC 10-307] analyzing entity uart_tx
INFO: [VRFC 10-163] Analyzing VHDL file "/home/user/embedded_lab3/lab_3.srcs/sources_1/new/uart_tx.vhd" into library xil_defaultlib
INFO: [VRFC 10-307] analyzing entity uart_tx
INFO: [VRFC 10-163] Analyzing VHDL file "/home/avin/Documents/embedded_lab3/lab_3.srcs/sources_1/imports/Downloads/uart.vhd" into library xil_defaultlib
INFO: [VRFC 10-307] analyzing entity uart
INFO: [VRFC 10-163] Analyzing VHDL file "/home/avin/Documents/embedded_lab3/lab_3.srcs/sources_1/imports/Downloads/uart_rx.vhd" into library xil_defaultlib
INFO: [VRFC 10-307] analyzing entity uart_rx
INFO: [VRFC 10-163] Analyzing VHDL file "/home/avin/Documents/embedded_lab3/lab_3.srcs/sources_1/new/uart_tx.vhd" into library xil_defaultlib
INFO: [VRFC 10-307] analyzing entity uart_tx
INFO: [VRFC 10-163] Analyzing VHDL file "/home/avin/Documents/embedded_lab3/lab_3.srcs/sources_1/imports/Downloads/uart_tb.vhd" into library xil_defaultlib
INFO: [VRFC 10-307] analyzing entity uart_tb
INFO: [VRFC 10-163] Analyzing VHDL file "/home/avin/Documents/embedded_lab3/lab_3.srcs/sources_1/new/uart_tx.vhd" into library xil_defaultlib
INFO: [VRFC 10-307] analyzing entity uart_tx
INFO: [VRFC 10-163] Analyzing VHDL file "/home/avin/Documents/embedded_lab3/lab_3.srcs/sources_1/new/echo.vhd" into library xil_defaultlib
INFO: [VRFC 10-307] analyzing entity echo
INFO: [VRFC 10-163] Analyzing VHDL file "/home/avin/Documents/embedded_lab3/lab_3.srcs/sim_1/new/echo_tb.vhd" into library xil_defaultlib
INFO: [VRFC 10-307] analyzing entity echo_tb
INFO: [VRFC 10-163] Analyzing VHDL file "/home/avin/Documents/embedded_lab3/lab_3.srcs/sim_1/new/echo_tb.vhd" into library xil_defaultlib
INFO: [VRFC 10-307] analyzing entity echo_tb
INFO: [VRFC 10-163] Analyzing VHDL file "/home/avin/Documents/embedded_lab3/lab_3.srcs/sim_1/new/echo_tb.vhd" into library xil_defaultlib
INFO: [VRFC 10-307] analyzing entity echo_tb
INFO: [VRFC 10-163] Analyzing VHDL file "/home/avin/Documents/embedded_lab3/lab_3.srcs/sources_1/new/echo.vhd" into library xil_defaultlib
INFO: [VRFC 10-307] analyzing entity echo
INFO: [VRFC 10-163] Analyzing VHDL file "/home/avin/Documents/embedded_lab3/lab_3.srcs/sources_1/new/echo.vhd" into library xil_defaultlib
INFO: [VRFC 10-307] analyzing entity echo
INFO: [VRFC 10-163] Analyzing VHDL file "/home/avin/Documents/embedded_lab3/lab_3.srcs/sources_1/new/echo.vhd" into library xil_defaultlib
INFO: [VRFC 10-307] analyzing entity echo
INFO: [VRFC 10-163] Analyzing VHDL file "/home/avin/Documents/embedded_lab3/lab_3.srcs/sim_1/new/echo_tb.vhd" into library xil_defaultlib
INFO: [VRFC 10-307] analyzing entity echo_tb
INFO: [VRFC 10-163] Analyzing VHDL file "/home/avin/Documents/embedded_lab3/lab_3.srcs/sim_1/new/echo_tb.vhd" into library xil_defaultlib
INFO: [VRFC 10-307] analyzing entity echo_tb
INFO: [VRFC 10-163] Analyzing VHDL file "/home/avin/Documents/embedded_lab3/lab_3.srcs/sim_1/new/echo_tb.vhd" into library xil_defaultlib
INFO: [VRFC 10-307] analyzing entity echo_tb
INFO: [VRFC 10-163] Analyzing VHDL file "/home/avin/Documents/embedded_lab3/lab_3.srcs/sim_1/new/echo_tb.vhd" into library xil_defaultlib
INFO: [VRFC 10-307] analyzing entity echo_tb
INFO: [VRFC 10-163] Analyzing VHDL file "/home/avin/Documents/embedded_lab3/lab_3.srcs/sim_1/new/echo_tb.vhd" into library xil_defaultlib
INFO: [VRFC 10-307] analyzing entity echo_tb
INFO: [VRFC 10-163] Analyzing VHDL file "/home/avin/Documents/embedded_lab3/lab_3.srcs/sim_1/new/echo_tb.vhd" into library xil_defaultlib
INFO: [VRFC 10-307] analyzing entity echo_tb
INFO: [VRFC 10-163] Analyzing VHDL file "/home/avin/Documents/embedded_lab3/lab_3.srcs/sources_1/new/echo.vhd" into library xil_defaultlib
INFO: [VRFC 10-307] analyzing entity echo
INFO: [VRFC 10-163] Analyzing VHDL file "/home/avin/Documents/embedded_lab3/lab_3.srcs/sim_1/new/echo_tb.vhd" into library xil_defaultlib
INFO: [VRFC 10-307] analyzing entity echo_tb
INFO: [VRFC 10-163] Analyzing VHDL file "/home/avin/Documents/embedded_lab3/lab_3.srcs/sim_1/new/echo_tb.vhd" into library xil_defaultlib
INFO: [VRFC 10-307] analyzing entity echo_tb
INFO: [VRFC 10-163] Analyzing VHDL file "/home/avin/Documents/embedded_lab3/lab_3.srcs/sources_1/new/sender.vhd" into library xil_defaultlib
INFO: [VRFC 10-307] analyzing entity sender
INFO: [VRFC 10-163] Analyzing VHDL file "/home/avin/Documents/embedded_lab3/lab_3.srcs/sim_1/imports/new/sender_tb.vhd" into library xil_defaultlib
INFO: [VRFC 10-307] analyzing entity sender_tb
INFO: [VRFC 10-163] Analyzing VHDL file "/home/avin/Documents/embedded_lab3/lab_3.srcs/sim_1/imports/new/sender_tb.vhd" into library xil_defaultlib
INFO: [VRFC 10-307] analyzing entity sender_tb
INFO: [VRFC 10-163] Analyzing VHDL file "/home/avin/Documents/embedded_lab3/lab_3.srcs/sim_1/imports/new/sender_tb.vhd" into library xil_defaultlib
INFO: [VRFC 10-307] analyzing entity sender_tb
INFO: [VRFC 10-163] Analyzing VHDL file "/home/avin/Documents/embedded_lab3/lab_3.srcs/sim_1/imports/new/sender_tb.vhd" into library xil_defaultlib
INFO: [VRFC 10-307] analyzing entity sender_tb
INFO: [VRFC 10-163] Analyzing VHDL file "/home/avin/Documents/embedded_lab3/lab_3.srcs/sources_1/new/sender.vhd" into library xil_defaultlib
INFO: [VRFC 10-307] analyzing entity sender
INFO: [VRFC 10-163] Analyzing VHDL file "/home/avin/Documents/embedded_lab3/lab_3.srcs/sim_1/imports/new/sender_tb.vhd" into library xil_defaultlib
INFO: [VRFC 10-307] analyzing entity sender_tb
INFO: [VRFC 10-163] Analyzing VHDL file "/home/avin/Documents/embedded_lab3/lab_3.srcs/sim_1/imports/new/sender_tb.vhd" into library xil_defaultlib
INFO: [VRFC 10-307] analyzing entity sender_tb
INFO: [VRFC 10-163] Analyzing VHDL file "/home/avin/Documents/embedded_lab3/lab_3.srcs/sources_1/new/sender.vhd" into library xil_defaultlib
INFO: [VRFC 10-307] analyzing entity sender
INFO: [VRFC 10-163] Analyzing VHDL file "/home/avin/Documents/embedded_lab3/lab_3.srcs/sim_1/imports/new/sender_tb.vhd" into library xil_defaultlib
INFO: [VRFC 10-307] analyzing entity sender_tb
INFO: [VRFC 10-163] Analyzing VHDL file "/home/avin/Documents/embedded_lab3/lab_3.srcs/sim_1/imports/new/sender_tb.vhd" into library xil_defaultlib
INFO: [VRFC 10-307] analyzing entity sender_tb
INFO: [VRFC 10-163] Analyzing VHDL file "/home/avin/Documents/embedded_lab3/lab_3.srcs/sources_1/new/sender.vhd" into library xil_defaultlib
INFO: [VRFC 10-307] analyzing entity sender
INFO: [VRFC 10-163] Analyzing VHDL file "/home/avin/Documents/embedded_lab3/lab_3.srcs/sim_1/imports/new/sender_tb.vhd" into library xil_defaultlib
INFO: [VRFC 10-307] analyzing entity sender_tb
INFO: [VRFC 10-163] Analyzing VHDL file "/home/avin/Documents/embedded_lab3/lab_3.srcs/sources_1/new/sender.vhd" into library xil_defaultlib
INFO: [VRFC 10-307] analyzing entity sender
INFO: [VRFC 10-163] Analyzing VHDL file "/home/avin/Documents/embedded_lab3/lab_3.srcs/sim_1/imports/new/sender_tb.vhd" into library xil_defaultlib
INFO: [VRFC 10-307] analyzing entity sender_tb
INFO: [VRFC 10-163] Analyzing VHDL file "/home/avin/Documents/embedded_lab3/lab_3.srcs/sim_1/imports/new/sender_tb.vhd" into library xil_defaultlib
INFO: [VRFC 10-307] analyzing entity sender_tb
INFO: [VRFC 10-163] Analyzing VHDL file "/home/avin/Documents/embedded_lab3/lab_3.srcs/sim_1/imports/new/sender_tb.vhd" into library xil_defaultlib
INFO: [VRFC 10-307] analyzing entity sender_tb
INFO: [VRFC 10-163] Analyzing VHDL file "/home/avin/Documents/embedded_lab3/lab_3.srcs/sim_1/imports/new/sender_tb.vhd" into library xil_defaultlib
INFO: [VRFC 10-307] analyzing entity sender_tb
